execve("./proton", ["./proton", "8080", "."], [/* 19 vars */]) = 0
brk(0)                                  = 0x8055000
access("/etc/ld.so.nohwcap", F_OK)      = -1 ENOENT (No such file or directory)
mmap2(NULL, 8192, PROT_READ|PROT_WRITE, MAP_PRIVATE|MAP_ANONYMOUS, -1, 0) = 0xb7fdb000
access("/etc/ld.so.preload", R_OK)      = -1 ENOENT (No such file or directory)
open("./tls/i686/sse2/cmov/libpassdb.so.1", O_RDONLY|O_CLOEXEC) = -1 ENOENT (No such file or directory)
open("./tls/i686/sse2/libpassdb.so.1", O_RDONLY|O_CLOEXEC) = -1 ENOENT (No such file or directory)
open("./tls/i686/cmov/libpassdb.so.1", O_RDONLY|O_CLOEXEC) = -1 ENOENT (No such file or directory)
open("./tls/i686/libpassdb.so.1", O_RDONLY|O_CLOEXEC) = -1 ENOENT (No such file or directory)
open("./tls/sse2/cmov/libpassdb.so.1", O_RDONLY|O_CLOEXEC) = -1 ENOENT (No such file or directory)
open("./tls/sse2/libpassdb.so.1", O_RDONLY|O_CLOEXEC) = -1 ENOENT (No such file or directory)
open("./tls/cmov/libpassdb.so.1", O_RDONLY|O_CLOEXEC) = -1 ENOENT (No such file or directory)
open("./tls/libpassdb.so.1", O_RDONLY|O_CLOEXEC) = -1 ENOENT (No such file or directory)
open("./i686/sse2/cmov/libpassdb.so.1", O_RDONLY|O_CLOEXEC) = -1 ENOENT (No such file or directory)
open("./i686/sse2/libpassdb.so.1", O_RDONLY|O_CLOEXEC) = -1 ENOENT (No such file or directory)
open("./i686/cmov/libpassdb.so.1", O_RDONLY|O_CLOEXEC) = -1 ENOENT (No such file or directory)
open("./i686/libpassdb.so.1", O_RDONLY|O_CLOEXEC) = -1 ENOENT (No such file or directory)
open("./sse2/cmov/libpassdb.so.1", O_RDONLY|O_CLOEXEC) = -1 ENOENT (No such file or directory)
open("./sse2/libpassdb.so.1", O_RDONLY|O_CLOEXEC) = -1 ENOENT (No such file or directory)
open("./cmov/libpassdb.so.1", O_RDONLY|O_CLOEXEC) = -1 ENOENT (No such file or directory)
open("./libpassdb.so.1", O_RDONLY|O_CLOEXEC) = 3
read(3, "\177ELF\1\1\1\0\0\0\0\0\0\0\0\0\3\0\3\0\1\0\0\0\360\6\0\0004\0\0\0"..., 512) = 512
fstat64(3, {st_mode=S_IFREG|0755, st_size=7640, ...}) = 0
getcwd("/home/httpd/project-2/leaked-app", 128) = 33
mmap2(NULL, 8296, PROT_READ|PROT_EXEC, MAP_PRIVATE|MAP_DENYWRITE, 3, 0) = 0xb7fd8000
mmap2(0xb7fd9000, 8192, PROT_READ|PROT_WRITE, MAP_PRIVATE|MAP_FIXED|MAP_DENYWRITE, 3, 0) = 0xb7fd9000
close(3)                                = 0
open("./tls/i686/sse2/cmov/libaes.so.1", O_RDONLY|O_CLOEXEC) = -1 ENOENT (No such file or directory)
open("./tls/i686/sse2/libaes.so.1", O_RDONLY|O_CLOEXEC) = -1 ENOENT (No such file or directory)
open("./tls/i686/cmov/libaes.so.1", O_RDONLY|O_CLOEXEC) = -1 ENOENT (No such file or directory)
open("./tls/i686/libaes.so.1", O_RDONLY|O_CLOEXEC) = -1 ENOENT (No such file or directory)
open("./tls/sse2/cmov/libaes.so.1", O_RDONLY|O_CLOEXEC) = -1 ENOENT (No such file or directory)
open("./tls/sse2/libaes.so.1", O_RDONLY|O_CLOEXEC) = -1 ENOENT (No such file or directory)
open("./tls/cmov/libaes.so.1", O_RDONLY|O_CLOEXEC) = -1 ENOENT (No such file or directory)
open("./tls/libaes.so.1", O_RDONLY|O_CLOEXEC) = -1 ENOENT (No such file or directory)
open("./i686/sse2/cmov/libaes.so.1", O_RDONLY|O_CLOEXEC) = -1 ENOENT (No such file or directory)
open("./i686/sse2/libaes.so.1", O_RDONLY|O_CLOEXEC) = -1 ENOENT (No such file or directory)
open("./i686/cmov/libaes.so.1", O_RDONLY|O_CLOEXEC) = -1 ENOENT (No such file or directory)
open("./i686/libaes.so.1", O_RDONLY|O_CLOEXEC) = -1 ENOENT (No such file or directory)
open("./sse2/cmov/libaes.so.1", O_RDONLY|O_CLOEXEC) = -1 ENOENT (No such file or directory)
open("./sse2/libaes.so.1", O_RDONLY|O_CLOEXEC) = -1 ENOENT (No such file or directory)
open("./cmov/libaes.so.1", O_RDONLY|O_CLOEXEC) = -1 ENOENT (No such file or directory)
open("./libaes.so.1", O_RDONLY|O_CLOEXEC) = 3
read(3, "\177ELF\1\1\1\0\0\0\0\0\0\0\0\0\3\0\3\0\1\0\0\0\0\5\0\0004\0\0\0"..., 512) = 512
fstat64(3, {st_mode=S_IFREG|0755, st_size=15934, ...}) = 0
getcwd("/home/httpd/project-2/leaked-app", 128) = 33
mmap2(NULL, 16664, PROT_READ|PROT_EXEC, MAP_PRIVATE|MAP_DENYWRITE, 3, 0) = 0xb7fd3000
mmap2(0xb7fd6000, 8192, PROT_READ|PROT_WRITE, MAP_PRIVATE|MAP_FIXED|MAP_DENYWRITE, 3, 0x2000) = 0xb7fd6000
close(3)                                = 0
open("./tls/i686/sse2/cmov/libc.so.6", O_RDONLY|O_CLOEXEC) = -1 ENOENT (No such file or directory)
open("./tls/i686/sse2/libc.so.6", O_RDONLY|O_CLOEXEC) = -1 ENOENT (No such file or directory)
open("./tls/i686/cmov/libc.so.6", O_RDONLY|O_CLOEXEC) = -1 ENOENT (No such file or directory)
open("./tls/i686/libc.so.6", O_RDONLY|O_CLOEXEC) = -1 ENOENT (No such file or directory)
open("./tls/sse2/cmov/libc.so.6", O_RDONLY|O_CLOEXEC) = -1 ENOENT (No such file or directory)
open("./tls/sse2/libc.so.6", O_RDONLY|O_CLOEXEC) = -1 ENOENT (No such file or directory)
open("./tls/cmov/libc.so.6", O_RDONLY|O_CLOEXEC) = -1 ENOENT (No such file or directory)
open("./tls/libc.so.6", O_RDONLY|O_CLOEXEC) = -1 ENOENT (No such file or directory)
open("./i686/sse2/cmov/libc.so.6", O_RDONLY|O_CLOEXEC) = -1 ENOENT (No such file or directory)
open("./i686/sse2/libc.so.6", O_RDONLY|O_CLOEXEC) = -1 ENOENT (No such file or directory)
open("./i686/cmov/libc.so.6", O_RDONLY|O_CLOEXEC) = -1 ENOENT (No such file or directory)
open("./i686/libc.so.6", O_RDONLY|O_CLOEXEC) = -1 ENOENT (No such file or directory)
open("./sse2/cmov/libc.so.6", O_RDONLY|O_CLOEXEC) = -1 ENOENT (No such file or directory)
open("./sse2/libc.so.6", O_RDONLY|O_CLOEXEC) = -1 ENOENT (No such file or directory)
open("./cmov/libc.so.6", O_RDONLY|O_CLOEXEC) = -1 ENOENT (No such file or directory)
open("./libc.so.6", O_RDONLY|O_CLOEXEC) = -1 ENOENT (No such file or directory)
open("/etc/ld.so.cache", O_RDONLY|O_CLOEXEC) = 3
fstat64(3, {st_mode=S_IFDIR|0755, st_size=4096, ...}) = 0
mmap2(NULL, 4096, PROT_READ, MAP_PRIVATE, 3, 0) = -1 ENODEV (No such device)
close(3)                                = 0
open("/lib/i386-linux-gnu/tls/i686/sse2/cmov/libc.so.6", O_RDONLY|O_CLOEXEC) = -1 ENOENT (No such file or directory)
stat64("/lib/i386-linux-gnu/tls/i686/sse2/cmov", 0xbffff5d0) = -1 ENOENT (No such file or directory)
open("/lib/i386-linux-gnu/tls/i686/sse2/libc.so.6", O_RDONLY|O_CLOEXEC) = -1 ENOENT (No such file or directory)
stat64("/lib/i386-linux-gnu/tls/i686/sse2", 0xbffff5d0) = -1 ENOENT (No such file or directory)
open("/lib/i386-linux-gnu/tls/i686/cmov/libc.so.6", O_RDONLY|O_CLOEXEC) = -1 ENOENT (No such file or directory)
stat64("/lib/i386-linux-gnu/tls/i686/cmov", 0xbffff5d0) = -1 ENOENT (No such file or directory)
open("/lib/i386-linux-gnu/tls/i686/libc.so.6", O_RDONLY|O_CLOEXEC) = -1 ENOENT (No such file or directory)
stat64("/lib/i386-linux-gnu/tls/i686", 0xbffff5d0) = -1 ENOENT (No such file or directory)
open("/lib/i386-linux-gnu/tls/sse2/cmov/libc.so.6", O_RDONLY|O_CLOEXEC) = -1 ENOENT (No such file or directory)
stat64("/lib/i386-linux-gnu/tls/sse2/cmov", 0xbffff5d0) = -1 ENOENT (No such file or directory)
open("/lib/i386-linux-gnu/tls/sse2/libc.so.6", O_RDONLY|O_CLOEXEC) = -1 ENOENT (No such file or directory)
stat64("/lib/i386-linux-gnu/tls/sse2", 0xbffff5d0) = -1 ENOENT (No such file or directory)
open("/lib/i386-linux-gnu/tls/cmov/libc.so.6", O_RDONLY|O_CLOEXEC) = -1 ENOENT (No such file or directory)
stat64("/lib/i386-linux-gnu/tls/cmov", 0xbffff5d0) = -1 ENOENT (No such file or directory)
open("/lib/i386-linux-gnu/tls/libc.so.6", O_RDONLY|O_CLOEXEC) = -1 ENOENT (No such file or directory)
stat64("/lib/i386-linux-gnu/tls", 0xbffff5d0) = -1 ENOENT (No such file or directory)
open("/lib/i386-linux-gnu/i686/sse2/cmov/libc.so.6", O_RDONLY|O_CLOEXEC) = -1 ENOENT (No such file or directory)
stat64("/lib/i386-linux-gnu/i686/sse2/cmov", 0xbffff5d0) = -1 ENOENT (No such file or directory)
open("/lib/i386-linux-gnu/i686/sse2/libc.so.6", O_RDONLY|O_CLOEXEC) = -1 ENOENT (No such file or directory)
stat64("/lib/i386-linux-gnu/i686/sse2", 0xbffff5d0) = -1 ENOENT (No such file or directory)
open("/lib/i386-linux-gnu/i686/cmov/libc.so.6", O_RDONLY|O_CLOEXEC) = -1 ENOENT (No such file or directory)
stat64("/lib/i386-linux-gnu/i686/cmov", 0xbffff5d0) = -1 ENOENT (No such file or directory)
open("/lib/i386-linux-gnu/i686/libc.so.6", O_RDONLY|O_CLOEXEC) = -1 ENOENT (No such file or directory)
stat64("/lib/i386-linux-gnu/i686", 0xbffff5d0) = -1 ENOENT (No such file or directory)
open("/lib/i386-linux-gnu/sse2/cmov/libc.so.6", O_RDONLY|O_CLOEXEC) = -1 ENOENT (No such file or directory)
stat64("/lib/i386-linux-gnu/sse2/cmov", 0xbffff5d0) = -1 ENOENT (No such file or directory)
open("/lib/i386-linux-gnu/sse2/libc.so.6", O_RDONLY|O_CLOEXEC) = -1 ENOENT (No such file or directory)
stat64("/lib/i386-linux-gnu/sse2", 0xbffff5d0) = -1 ENOENT (No such file or directory)
open("/lib/i386-linux-gnu/cmov/libc.so.6", O_RDONLY|O_CLOEXEC) = -1 ENOENT (No such file or directory)
stat64("/lib/i386-linux-gnu/cmov", 0xbffff5d0) = -1 ENOENT (No such file or directory)
open("/lib/i386-linux-gnu/libc.so.6", O_RDONLY|O_CLOEXEC) = 3
read(3, "\177ELF\1\1\1\0\0\0\0\0\0\0\0\0\3\0\3\0\1\0\0\0\340\233\1\0004\0\0\0"..., 512) = 512
fstat64(3, {st_mode=S_IFREG|0755, st_size=1758972, ...}) = 0
mmap2(NULL, 4096, PROT_READ|PROT_WRITE, MAP_PRIVATE|MAP_ANONYMOUS, -1, 0) = 0xb7fd2000
mmap2(NULL, 1768060, PROT_READ|PROT_EXEC, MAP_PRIVATE|MAP_DENYWRITE, 3, 0) = 0xb7e22000
mprotect(0xb7fcb000, 4096, PROT_NONE)   = 0
mmap2(0xb7fcc000, 12288, PROT_READ|PROT_WRITE, MAP_PRIVATE|MAP_FIXED|MAP_DENYWRITE, 3, 0x1a9000) = 0xb7fcc000
mmap2(0xb7fcf000, 10876, PROT_READ|PROT_WRITE, MAP_PRIVATE|MAP_FIXED|MAP_ANONYMOUS, -1, 0) = 0xb7fcf000
close(3)                                = 0
mmap2(NULL, 4096, PROT_READ|PROT_WRITE, MAP_PRIVATE|MAP_ANONYMOUS, -1, 0) = 0xb7e21000
set_thread_area({entry_number:-1 -> 6, base_addr:0xb7e21700, limit:1048575, seg_32bit:1, contents:0, read_exec_only:0, limit_in_pages:1, seg_not_present:0, useable:1}) = 0
mprotect(0xb7fcc000, 8192, PROT_READ)   = 0
mprotect(0xb7fd6000, 4096, PROT_READ)   = 0
mprotect(0xb7fd9000, 4096, PROT_READ)   = 0
mprotect(0x804b000, 4096, PROT_READ)    = 0
mprotect(0xb7ffe000, 4096, PROT_READ)   = 0
chdir(".")                              = 0
clone(child_stack=0, flags=CLONE_CHILD_CLEARTID|CLONE_CHILD_SETTID|SIGCHLD, child_tidptr=0xb7e21768) = 23447
exit_group(0)                           = ?
+++ exited with 0 +++
